Using pre-set license
Built from '2020.3/staging' branch; Version is '2020.3.26f1 (7298b473bc1a) revision 7510196'; Using compiler version '192528614'; Build Type 'Release'
OS: 'Windows 11  (10.0.22000) 64bit Professional' Language: 'es' Physical Memory: 16319 MB
BatchMode: 1, IsHumanControllingUs: 0, StartBugReporterOnCrash: 0, Is64bit: 1, IsPro: 0

COMMAND LINE ARGUMENTS:
C:\Program Files\Unity\Hub\Editor\2020.3.26f1\Editor\Unity.exe
-adb2
-batchMode
-noUpm
-name
AssetImportWorker0
-projectPath
E:/Proyectos Unity/Star Wars Arcade Assault
-logFile
Logs/AssetImportWorker0.log
-srvPort
63728
Successfully changed project path to: E:/Proyectos Unity/Star Wars Arcade Assault
E:/Proyectos Unity/Star Wars Arcade Assault
Using Asset Import Pipeline V2.
Refreshing native plugins compatible for Editor in 53.69 ms, found 3 plugins.
Preloading 0 native plugins for Editor in 0.00 ms.
Initialize engine version: 2020.3.26f1 (7298b473bc1a)
[Subsystems] Discovering subsystems at path C:/Program Files/Unity/Hub/Editor/2020.3.26f1/Editor/Data/Resources/UnitySubsystems
[Subsystems] Discovering subsystems at path E:/Proyectos Unity/Star Wars Arcade Assault/Assets
GfxDevice: creating device client; threaded=0
Direct3D:
    Version:  Direct3D 11.0 [level 11.1]
    Renderer: NVIDIA GeForce RTX 2070 (ID=0x1f02)
    Vendor:   
    VRAM:     8031 MB
    Driver:   30.0.15.1123
Initialize mono
Mono path[0] = 'C:/Program Files/Unity/Hub/Editor/2020.3.26f1/Editor/Data/Managed'
Mono path[1] = 'C:/Program Files/Unity/Hub/Editor/2020.3.26f1/Editor/Data/MonoBleedingEdge/lib/mono/unityjit'
Mono config path = 'C:/Program Files/Unity/Hub/Editor/2020.3.26f1/Editor/Data/MonoBleedingEdge/etc'
Using monoOptions --debugger-agent=transport=dt_socket,embedding=1,server=y,suspend=n,address=127.0.0.1:56260
Begin MonoManager ReloadAssembly
Registering precompiled unity dll's ...
Register platform support module: C:/Program Files/Unity/Hub/Editor/2020.3.26f1/Editor/Data/PlaybackEngines/WebGLSupport/UnityEditor.WebGL.Extensions.dll
Register platform support module: C:/Program Files/Unity/Hub/Editor/2020.3.26f1/Editor/Data/PlaybackEngines/WindowsStandaloneSupport/UnityEditor.WindowsStandalone.Extensions.dll
Registered in 0.002162 seconds.
Native extension for WindowsStandalone target not found
Native extension for WebGL target not found
Refreshing native plugins compatible for Editor in 53.70 ms, found 3 plugins.
Preloading 0 native plugins for Editor in 0.00 ms.
Mono: successfully reloaded assembly
- Completed reload, in  0.669 seconds
Domain Reload Profiling:
	ReloadAssembly (669ms)
		BeginReloadAssembly (57ms)
			ExecutionOrderSort (0ms)
			DisableScriptedObjects (0ms)
			BackupInstance (0ms)
			ReleaseScriptingObjects (0ms)
			CreateAndSetChildDomain (1ms)
		EndReloadAssembly (528ms)
			LoadAssemblies (55ms)
			RebuildTransferFunctionScriptingTraits (0ms)
			SetupTypeCache (174ms)
			ReleaseScriptCaches (0ms)
			RebuildScriptCaches (33ms)
			SetupLoadedEditorAssemblies (204ms)
				LogAssemblyErrors (0ms)
				InitializePlatformSupportModulesInManaged (6ms)
				SetLoadedEditorAssemblies (0ms)
				RefreshPlugins (54ms)
				BeforeProcessingInitializeOnLoad (16ms)
				ProcessInitializeOnLoadAttributes (97ms)
				ProcessInitializeOnLoadMethodAttributes (32ms)
				AfterProcessingInitializeOnLoad (0ms)
				EditorAssembliesLoaded (0ms)
			ExecutionOrderSort2 (0ms)
			AwakeInstancesAfterBackupRestoration (0ms)
Platform modules already initialized, skipping
Registering precompiled user dll's ...
Registered in 0.003475 seconds.
Begin MonoManager ReloadAssembly
Native extension for WindowsStandalone target not found
Native extension for WebGL target not found
Refreshing native plugins compatible for Editor in 53.37 ms, found 3 plugins.
Preloading 0 native plugins for Editor in 0.00 ms.
Mono: successfully reloaded assembly
- Completed reload, in  1.258 seconds
Domain Reload Profiling:
	ReloadAssembly (1259ms)
		BeginReloadAssembly (160ms)
			ExecutionOrderSort (0ms)
			DisableScriptedObjects (6ms)
			BackupInstance (0ms)
			ReleaseScriptingObjects (0ms)
			CreateAndSetChildDomain (20ms)
		EndReloadAssembly (1028ms)
			LoadAssemblies (95ms)
			RebuildTransferFunctionScriptingTraits (0ms)
			SetupTypeCache (344ms)
			ReleaseScriptCaches (1ms)
			RebuildScriptCaches (52ms)
			SetupLoadedEditorAssemblies (390ms)
				LogAssemblyErrors (0ms)
				InitializePlatformSupportModulesInManaged (5ms)
				SetLoadedEditorAssemblies (0ms)
				RefreshPlugins (53ms)
				BeforeProcessingInitializeOnLoad (85ms)
				ProcessInitializeOnLoadAttributes (222ms)
				ProcessInitializeOnLoadMethodAttributes (18ms)
				AfterProcessingInitializeOnLoad (6ms)
				EditorAssembliesLoaded (0ms)
			ExecutionOrderSort2 (0ms)
			AwakeInstancesAfterBackupRestoration (8ms)
Platform modules already initialized, skipping
========================================================================
Worker process is ready to serve import requests
Launched and connected shader compiler UnityShaderCompiler.exe after 0.10 seconds
Refreshing native plugins compatible for Editor in 0.59 ms, found 3 plugins.
Preloading 0 native plugins for Editor in 0.00 ms.
Unloading 2208 Unused Serialized files (Serialized files now loaded: 0)
System memory in use before: 96.2 MB.
System memory in use after: 96.3 MB.

Unloading 28 unused Assets to reduce memory usage. Loaded Objects now: 2642.
Total: 4.005400 ms (FindLiveObjects: 0.244900 ms CreateObjectMapping: 0.070400 ms MarkObjects: 3.609000 ms  DeleteObjects: 0.079600 ms)

AssetImportParameters requested are different than current active one (requested -> active):
  custom:framework-win-MediaFoundation: 216162199b28c13a410421893ffa2e32 -> 
  custom:video-decoder-ogg-theora: a1e56fd34408186e4bbccfd4996cb3dc -> 
  custom:container-muxer-webm: aa71ff27fc2769a1b78a27578f13a17b -> 
  custom:container-demuxer-webm: 4f35f7cbe854078d1ac9338744f61a02 -> 
  custom:container-demuxer-ogg: 62fdf1f143b41e24485cea50d1cbac27 -> 
  custom:video-encoder-webm-vp8: eb34c28f22e8b96e1ab97ce403110664 -> 
  custom:video-decoder-webm-vp8: 9c59270c3fd7afecdb556c50c9e8de78 -> 
  custom:audio-decoder-ogg-vorbis: bf7c407c2cedff20999df2af8eb42d56 -> 
  custom:audio-encoder-webm-vorbis: bf7c407c2cedff20999df2af8eb42d56 -> 
========================================================================
Received Import Request.
  path: Assets/Scripts/BigEnemyController.cs
  artifactKey: Guid(99d6fdb4def954c5dab7ee684c462af8) Importer(815301076,1909f56bfc062723c751e8b465ee728b)
Start importing Assets/Scripts/BigEnemyController.cs using Guid(99d6fdb4def954c5dab7ee684c462af8) Importer(815301076,1909f56bfc062723c751e8b465ee728b)  -> (artifact id: '8c5b7d95e926b1f1a1da0a56dfb218e8') in 0.032080 seconds 
  Import took 0.035569 seconds .

========================================================================
Received Import Request.
  Time since last request: 7.955054 seconds.
  path: Assets/Scripts/LevelProgression.cs
  artifactKey: Guid(e0cb2002f46181341a675ff8a1e280be) Importer(815301076,1909f56bfc062723c751e8b465ee728b)
Start importing Assets/Scripts/LevelProgression.cs using Guid(e0cb2002f46181341a675ff8a1e280be) Importer(815301076,1909f56bfc062723c751e8b465ee728b)  -> (artifact id: '58381b3169e9aa6625c6e019524cad74') in 0.008829 seconds 
  Import took 0.012394 seconds .

========================================================================
Received Import Request.
  Time since last request: 4.190675 seconds.
  path: Assets/ScriptableObjects/Level Progression.asset
  artifactKey: Guid(a7bc3a4145142a44d950f9d41b51fca2) Importer(815301076,1909f56bfc062723c751e8b465ee728b)
Start importing Assets/ScriptableObjects/Level Progression.asset using Guid(a7bc3a4145142a44d950f9d41b51fca2) Importer(815301076,1909f56bfc062723c751e8b465ee728b)  -> (artifact id: '094b40b9666b6f848a9c693b884e0b08') in 0.020267 seconds 
  Import took 0.023814 seconds .

========================================================================
Received Import Request.
  Time since last request: 20.166658 seconds.
  path: Assets/Scripts/Game.cs
  artifactKey: Guid(2864ce54cf2e9ed4c9cb0c662b5705cd) Importer(815301076,1909f56bfc062723c751e8b465ee728b)
Start importing Assets/Scripts/Game.cs using Guid(2864ce54cf2e9ed4c9cb0c662b5705cd) Importer(815301076,1909f56bfc062723c751e8b465ee728b)  -> (artifact id: '50e2553d2bf93d8cf9141512ac93dc23') in 0.009774 seconds 
  Import took 0.013397 seconds .

========================================================================
Received Import Request.
  Time since last request: 14.677430 seconds.
  path: Assets/Fonts/Jabba the Font Regular.ttf
  artifactKey: Guid(afd26182a3004af429829cebd4de0b2c) Importer(815301076,1909f56bfc062723c751e8b465ee728b)
Start importing Assets/Fonts/Jabba the Font Regular.ttf using Guid(afd26182a3004af429829cebd4de0b2c) Importer(815301076,1909f56bfc062723c751e8b465ee728b)  -> (artifact id: '36078a0063ce2419d74254064b97da47') in 0.130836 seconds 
  Import took 0.134524 seconds .

========================================================================
Received Import Request.
  Time since last request: 0.000218 seconds.
  path: Assets/Fonts/Starjedi.ttf
  artifactKey: Guid(f05ccfedcd4004d4d81fd7f22ca2b828) Importer(815301076,1909f56bfc062723c751e8b465ee728b)
Start importing Assets/Fonts/Starjedi.ttf using Guid(f05ccfedcd4004d4d81fd7f22ca2b828) Importer(815301076,1909f56bfc062723c751e8b465ee728b)  -> (artifact id: '04ac216dca00e210bf8c03915d428ae1') in 0.038790 seconds 
  Import took 0.042132 seconds .

========================================================================
Received Import Request.
  Time since last request: 0.000210 seconds.
  path: Assets/Fonts/SfDistantGalaxyOutlineItalic-4yA4.ttf
  artifactKey: Guid(7fb2ef4fa5314bd4dbb3111c8af0c18a) Importer(815301076,1909f56bfc062723c751e8b465ee728b)
Start importing Assets/Fonts/SfDistantGalaxyOutlineItalic-4yA4.ttf using Guid(7fb2ef4fa5314bd4dbb3111c8af0c18a) Importer(815301076,1909f56bfc062723c751e8b465ee728b)  -> (artifact id: 'b5bc5bd7bab09133ed63985e6904f745') in 0.016046 seconds 
  Import took 0.019475 seconds .

========================================================================
Received Import Request.
  Time since last request: 16.639552 seconds.
  path: Assets/Prefab/Big Enemy.prefab
  artifactKey: Guid(82ec08a54e2c94fd296e6178b6141e59) Importer(815301076,1909f56bfc062723c751e8b465ee728b)
Start importing Assets/Prefab/Big Enemy.prefab using Guid(82ec08a54e2c94fd296e6178b6141e59) Importer(815301076,1909f56bfc062723c751e8b465ee728b)  -> (artifact id: 'd16c0232d7798dd316477ab499b9d609') in 0.034226 seconds 
  Import took 0.038153 seconds .

========================================================================
Received Import Request.
  Time since last request: 0.000208 seconds.
  path: Assets/Prefab/BigEnemy Imperio Shoot.prefab
  artifactKey: Guid(ec2cb838a50f09947b32ffeed26cbb78) Importer(815301076,1909f56bfc062723c751e8b465ee728b)
Start importing Assets/Prefab/BigEnemy Imperio Shoot.prefab using Guid(ec2cb838a50f09947b32ffeed26cbb78) Importer(815301076,1909f56bfc062723c751e8b465ee728b)  -> (artifact id: '6b046823e9b158ba613c765e02989d5d') in 0.032073 seconds 
  Import took 0.035958 seconds .

========================================================================
Received Import Request.
  Time since last request: 0.000234 seconds.
  path: Assets/Prefab/Explosion.prefab
  artifactKey: Guid(ab3eace04bc93464da5242103f1e3dd9) Importer(815301076,1909f56bfc062723c751e8b465ee728b)
Start importing Assets/Prefab/Explosion.prefab using Guid(ab3eace04bc93464da5242103f1e3dd9) Importer(815301076,1909f56bfc062723c751e8b465ee728b)  -> (artifact id: 'dc7b2ec8f1f8e5b438480f9b079e4200') in 0.015349 seconds 
  Import took 0.019072 seconds .

========================================================================
Received Import Request.
  Time since last request: 0.000228 seconds.
  path: Assets/Prefab/Player Imperio Shoot.prefab
  artifactKey: Guid(0b8f5b81c33434296b746380ce538620) Importer(815301076,1909f56bfc062723c751e8b465ee728b)
Start importing Assets/Prefab/Player Imperio Shoot.prefab using Guid(0b8f5b81c33434296b746380ce538620) Importer(815301076,1909f56bfc062723c751e8b465ee728b)  -> (artifact id: '0d2727cbb9d0e3b933b9ffe67bf7c215') in 0.013834 seconds 
  Import took 0.017380 seconds .

========================================================================
Received Import Request.
  Time since last request: 0.000214 seconds.
  path: Assets/Prefab/Small Enemy.prefab
  artifactKey: Guid(a6ee53242a5d67246af5477422d14d33) Importer(815301076,1909f56bfc062723c751e8b465ee728b)
Start importing Assets/Prefab/Small Enemy.prefab using Guid(a6ee53242a5d67246af5477422d14d33) Importer(815301076,1909f56bfc062723c751e8b465ee728b)  -> (artifact id: '23c718d8e58896fb4776dcf590c433d5') in 0.018425 seconds 
  Import took 0.022288 seconds .

========================================================================
Received Import Request.
  Time since last request: 0.000208 seconds.
  path: Assets/Prefab/SmallEnemy Rebelde Shoot.prefab
  artifactKey: Guid(d6d3c60bbf1d47641bb13257df69d0a1) Importer(815301076,1909f56bfc062723c751e8b465ee728b)
Start importing Assets/Prefab/SmallEnemy Rebelde Shoot.prefab using Guid(d6d3c60bbf1d47641bb13257df69d0a1) Importer(815301076,1909f56bfc062723c751e8b465ee728b)  -> (artifact id: '15e72a4c8ab5fea37e918a358e708094') in 0.014416 seconds 
  Import took 0.017901 seconds .

========================================================================
Received Import Request.
  Time since last request: 0.000193 seconds.
  path: Assets/Prefab/SmallEnemy Imperio Shoot.prefab
  artifactKey: Guid(d3e29fe68cf06754ea4ee61ab45c0d3e) Importer(815301076,1909f56bfc062723c751e8b465ee728b)
Start importing Assets/Prefab/SmallEnemy Imperio Shoot.prefab using Guid(d3e29fe68cf06754ea4ee61ab45c0d3e) Importer(815301076,1909f56bfc062723c751e8b465ee728b)  -> (artifact id: 'aaf220c3a71e0e39126f98683c9a4ede') in 0.013965 seconds 
  Import took 0.017459 seconds .

========================================================================
Received Import Request.
  Time since last request: 0.000264 seconds.
  path: Assets/Prefab/ShieldPowerUp.prefab
  artifactKey: Guid(003627ed2bf2e4735b76099fdf32e96f) Importer(815301076,1909f56bfc062723c751e8b465ee728b)
Start importing Assets/Prefab/ShieldPowerUp.prefab using Guid(003627ed2bf2e4735b76099fdf32e96f) Importer(815301076,1909f56bfc062723c751e8b465ee728b)  -> (artifact id: 'debd50a9f2caf944a1d073b63faea154') in 0.016352 seconds 
  Import took 0.020047 seconds .

========================================================================
Received Import Request.
  Time since last request: 0.000232 seconds.
  path: Assets/Prefab/Player Rebelde Shoot.prefab
  artifactKey: Guid(2e2e52a2f7ddf5b48b60aa2ebed567ab) Importer(815301076,1909f56bfc062723c751e8b465ee728b)
Start importing Assets/Prefab/Player Rebelde Shoot.prefab using Guid(2e2e52a2f7ddf5b48b60aa2ebed567ab) Importer(815301076,1909f56bfc062723c751e8b465ee728b)  -> (artifact id: 'de81eb2c16e56c1f21abdfc5634392ec') in 0.014280 seconds 
  Import took 0.017618 seconds .

========================================================================
Received Import Request.
  Time since last request: 0.000218 seconds.
  path: Assets/Prefab/BigEnemy Rebelde Shoot.prefab
  artifactKey: Guid(9c09601d1457e1b49a9aad4ffe6e0ac7) Importer(815301076,1909f56bfc062723c751e8b465ee728b)
Start importing Assets/Prefab/BigEnemy Rebelde Shoot.prefab using Guid(9c09601d1457e1b49a9aad4ffe6e0ac7) Importer(815301076,1909f56bfc062723c751e8b465ee728b)  -> (artifact id: '8cc9aa258a5164a1832fcd8075219c6c') in 0.013911 seconds 
  Import took 0.017321 seconds .

========================================================================
Received Import Request.
  Time since last request: 4.871562 seconds.
  path: Assets/Sounds/Effects
  artifactKey: Guid(98a262ef07b9f4aae93adc5dbe11f292) Importer(815301076,1909f56bfc062723c751e8b465ee728b)
Start importing Assets/Sounds/Effects using Guid(98a262ef07b9f4aae93adc5dbe11f292) Importer(815301076,1909f56bfc062723c751e8b465ee728b)  -> (artifact id: '1459bd21ec0279bc6a9c160eab35e86a') in 0.008338 seconds 
  Import took 0.011907 seconds .

========================================================================
Received Import Request.
  Time since last request: 0.066443 seconds.
  path: Assets/Sounds/Effects/Explosion.wav
  artifactKey: Guid(b1f8e59ef38201c4599655062988e60d) Importer(815301076,1909f56bfc062723c751e8b465ee728b)
Start importing Assets/Sounds/Effects/Explosion.wav using Guid(b1f8e59ef38201c4599655062988e60d) Importer(815301076,1909f56bfc062723c751e8b465ee728b)  -> (artifact id: '120ee8c4212a22096520c7f4e134cf56') in 0.060097 seconds 
  Import took 0.063759 seconds .

========================================================================
Received Import Request.
  Time since last request: 0.000234 seconds.
  path: Assets/Sounds/Effects/R2D2Down.mp3
  artifactKey: Guid(f63e569603168ba4ea0b75f9fb243373) Importer(815301076,1909f56bfc062723c751e8b465ee728b)
Start importing Assets/Sounds/Effects/R2D2Down.mp3 using Guid(f63e569603168ba4ea0b75f9fb243373) Importer(815301076,1909f56bfc062723c751e8b465ee728b)  -> (artifact id: '102e6c143592469093ce067fe50b62c9') in 0.017201 seconds 
  Import took 0.020496 seconds .

========================================================================
Received Import Request.
  Time since last request: 0.000230 seconds.
  path: Assets/Sounds/Effects/TieFighter_Blaster.wav
  artifactKey: Guid(fe92e4cb7d7251e40a31887e81e0a009) Importer(815301076,1909f56bfc062723c751e8b465ee728b)
Start importing Assets/Sounds/Effects/TieFighter_Blaster.wav using Guid(fe92e4cb7d7251e40a31887e81e0a009) Importer(815301076,1909f56bfc062723c751e8b465ee728b)  -> (artifact id: '573659b28fc0c308be29f24a657cefad') in 0.022832 seconds 
  Import took 0.026000 seconds .

========================================================================
Received Import Request.
  Time since last request: 0.000199 seconds.
  path: Assets/Sounds/Effects/R2D2Up.mp3
  artifactKey: Guid(5ca5396a0b22afa4196c84283b69dcf8) Importer(815301076,1909f56bfc062723c751e8b465ee728b)
Start importing Assets/Sounds/Effects/R2D2Up.mp3 using Guid(5ca5396a0b22afa4196c84283b69dcf8) Importer(815301076,1909f56bfc062723c751e8b465ee728b)  -> (artifact id: '006428e3575e24fafd729688513d63d6') in 0.029112 seconds 
  Import took 0.032316 seconds .

========================================================================
Received Import Request.
  Time since last request: 0.000273 seconds.
  path: Assets/Sounds/Effects/XWing_Laser_Sound.wav
  artifactKey: Guid(6355efdb46f4deb4da434fc0060b60ee) Importer(815301076,1909f56bfc062723c751e8b465ee728b)
Start importing Assets/Sounds/Effects/XWing_Laser_Sound.wav using Guid(6355efdb46f4deb4da434fc0060b60ee) Importer(815301076,1909f56bfc062723c751e8b465ee728b)  -> (artifact id: '8ae7c4bb9e399ed03a199a73d3259513') in 0.015969 seconds 
  Import took 0.019727 seconds .

========================================================================
Received Import Request.
  Time since last request: 0.000240 seconds.
  path: Assets/Sounds/Effects/LightsaberOn.mp3
  artifactKey: Guid(e5ab086a3dffde247a0f078829ec41ab) Importer(815301076,1909f56bfc062723c751e8b465ee728b)
Start importing Assets/Sounds/Effects/LightsaberOn.mp3 using Guid(e5ab086a3dffde247a0f078829ec41ab) Importer(815301076,1909f56bfc062723c751e8b465ee728b)  -> (artifact id: '46ef26c6ecdb64332aed69b0b7f0aa65') in 0.018793 seconds 
  Import took 0.022518 seconds .

========================================================================
Received Import Request.
  Time since last request: 0.000236 seconds.
  path: Assets/Sounds/Effects/LightsaberOff.mp3
  artifactKey: Guid(49ba14fe5a901f340b51ec2e061ccf19) Importer(815301076,1909f56bfc062723c751e8b465ee728b)
Start importing Assets/Sounds/Effects/LightsaberOff.mp3 using Guid(49ba14fe5a901f340b51ec2e061ccf19) Importer(815301076,1909f56bfc062723c751e8b465ee728b)  -> (artifact id: '16a2e98f1614d6d7618a24325ba99400') in 0.018846 seconds 
  Import took 0.022728 seconds .

========================================================================
Received Import Request.
  Time since last request: 0.000311 seconds.
  path: Assets/Sounds/Effects/VaderBreath.mp3
  artifactKey: Guid(ca323e619f3d5814cb4a776c153deea8) Importer(815301076,1909f56bfc062723c751e8b465ee728b)
Start importing Assets/Sounds/Effects/VaderBreath.mp3 using Guid(ca323e619f3d5814cb4a776c153deea8) Importer(815301076,1909f56bfc062723c751e8b465ee728b)  -> (artifact id: 'cf7d1c0093025c3a5a16eb6380d3c180') in 0.016188 seconds 
  Import took 0.019969 seconds .

========================================================================
Received Import Request.
  Time since last request: 0.000271 seconds.
  path: Assets/Sounds/Effects/Power Up Sound Effect.mp3
  artifactKey: Guid(7916dc9c66e1a47c5af95d2fe1fced33) Importer(815301076,1909f56bfc062723c751e8b465ee728b)
Start importing Assets/Sounds/Effects/Power Up Sound Effect.mp3 using Guid(7916dc9c66e1a47c5af95d2fe1fced33) Importer(815301076,1909f56bfc062723c751e8b465ee728b)  -> (artifact id: 'f5e3e06cdd5f224efe054b71612fc766') in 0.026125 seconds 
  Import took 0.030096 seconds .

========================================================================
Received Import Request.
  Time since last request: 2.600297 seconds.
  path: Assets/Sounds/Music
  artifactKey: Guid(7c6749b5c5fde7b4284fe25939dd477e) Importer(815301076,1909f56bfc062723c751e8b465ee728b)
Start importing Assets/Sounds/Music using Guid(7c6749b5c5fde7b4284fe25939dd477e) Importer(815301076,1909f56bfc062723c751e8b465ee728b)  -> (artifact id: '5f468283c678792385740fa79bd8adfb') in 0.008394 seconds 
  Import took 0.012025 seconds .

========================================================================
Received Import Request.
  Time since last request: 0.099911 seconds.
  path: Assets/Sounds/Music/ImperioSong.mp3
  artifactKey: Guid(6d161602433fbaa46abb72ed42166df8) Importer(815301076,1909f56bfc062723c751e8b465ee728b)
Start importing Assets/Sounds/Music/ImperioSong.mp3 using Guid(6d161602433fbaa46abb72ed42166df8) Importer(815301076,1909f56bfc062723c751e8b465ee728b)  -> (artifact id: '7f9b31abb184c3f10dfe0812e4262459') in 0.012706 seconds 
  Import took 0.016269 seconds .

========================================================================
Received Import Request.
  Time since last request: 0.000189 seconds.
  path: Assets/Sounds/Music/MenuSong.mp3
  artifactKey: Guid(2369b925e8f439b44be8250d818a0a64) Importer(815301076,1909f56bfc062723c751e8b465ee728b)
Start importing Assets/Sounds/Music/MenuSong.mp3 using Guid(2369b925e8f439b44be8250d818a0a64) Importer(815301076,1909f56bfc062723c751e8b465ee728b)  -> (artifact id: 'ba4eb9f4db1806547ed13fae712d3338') in 0.015207 seconds 
  Import took 0.018511 seconds .

========================================================================
Received Import Request.
  Time since last request: 0.000233 seconds.
  path: Assets/Sounds/Music/RebeldeSong.mp3
  artifactKey: Guid(5d7ea04bf5cc72548b8bbef469bb7053) Importer(815301076,1909f56bfc062723c751e8b465ee728b)
Start importing Assets/Sounds/Music/RebeldeSong.mp3 using Guid(5d7ea04bf5cc72548b8bbef469bb7053) Importer(815301076,1909f56bfc062723c751e8b465ee728b)  -> (artifact id: 'c6a69ac8889fcab6f2ab0505183b62ac') in 0.014259 seconds 
  Import took 0.017708 seconds .

========================================================================
Received Import Request.
  Time since last request: 0.000262 seconds.
  path: Assets/Sounds/Music/StartSong.mp3
  artifactKey: Guid(a69a15ed209261d48a0ad27d90da2504) Importer(815301076,1909f56bfc062723c751e8b465ee728b)
Start importing Assets/Sounds/Music/StartSong.mp3 using Guid(a69a15ed209261d48a0ad27d90da2504) Importer(815301076,1909f56bfc062723c751e8b465ee728b)  -> (artifact id: '206beea79d38d9fa47dfae0c534fd614') in 0.013655 seconds 
  Import took 0.017247 seconds .

========================================================================
Received Import Request.
  Time since last request: 2.557477 seconds.
  path: Assets/Sprites/Background.png
  artifactKey: Guid(eba218e90021edd42bbe6f16402e9903) Importer(815301076,1909f56bfc062723c751e8b465ee728b)
Start importing Assets/Sprites/Background.png using Guid(eba218e90021edd42bbe6f16402e9903) Importer(815301076,1909f56bfc062723c751e8b465ee728b)  -> (artifact id: '563c2b0e5567a71711b7f40dd83f93e3') in 0.037609 seconds 
  Import took 0.041330 seconds .

========================================================================
Received Prepare
Refreshing native plugins compatible for Editor in 3.68 ms, found 3 plugins.
Preloading 0 native plugins for Editor in 0.00 ms.
Unloading 16 Unused Serialized files (Serialized files now loaded: 0)
System memory in use before: 59.0 MB.
System memory in use after: 59.1 MB.

Unloading 15 unused Assets to reduce memory usage. Loaded Objects now: 2691.
Total: 4.250700 ms (FindLiveObjects: 0.261900 ms CreateObjectMapping: 0.071900 ms MarkObjects: 3.891800 ms  DeleteObjects: 0.024000 ms)

AssetImportParameters requested are different than current active one (requested -> active):
  custom:framework-win-MediaFoundation: 216162199b28c13a410421893ffa2e32 -> 
  custom:video-decoder-ogg-theora: a1e56fd34408186e4bbccfd4996cb3dc -> 
  custom:container-muxer-webm: aa71ff27fc2769a1b78a27578f13a17b -> 
  custom:container-demuxer-webm: 4f35f7cbe854078d1ac9338744f61a02 -> 
  custom:container-demuxer-ogg: 62fdf1f143b41e24485cea50d1cbac27 -> 
  custom:video-encoder-webm-vp8: eb34c28f22e8b96e1ab97ce403110664 -> 
  custom:video-decoder-webm-vp8: 9c59270c3fd7afecdb556c50c9e8de78 -> 
  custom:audio-decoder-ogg-vorbis: bf7c407c2cedff20999df2af8eb42d56 -> 
  custom:audio-encoder-webm-vorbis: bf7c407c2cedff20999df2af8eb42d56 -> 
AssetImportWorkerClient::OnTransportError - code=2 error=End of file
